<?xml version="1.0" encoding="UTF-8"?>
<!-- Generated by org.testng.reporters.JUnitReportReporter -->
<testsuite hostname="DESKTOP-CLM06SP" failures="0" tests="3" name="com.actitime.qa.testcases.LogonPageTest" time="22.635" errors="0" timestamp="18 Mar 2023 07:06:29 GMT" skipped="0">
  <testcase classname="com.actitime.qa.testcases.LogonPageTest" name="loginPageLogoTest" time="8.269"/>
  <testcase classname="com.actitime.qa.testcases.LogonPageTest" name="LoginTest" time="7.669"/>
  <testcase classname="com.actitime.qa.testcases.LogonPageTest" name="LoginTest" time="6.697"/>
</testsuite> <!-- com.actitime.qa.testcases.LogonPageTest -->
