<?xml version="1.0" encoding="UTF-8"?>
<!-- Generated by org.testng.reporters.JUnitReportReporter -->
<testsuite hostname="DESKTOP-CLM06SP" failures="0" tests="3" name="com.actitime.qa.testcases.HomePageTest" time="40.851" errors="0" timestamp="16 Mar 2023 06:33:43 GMT" skipped="0">
  <testcase classname="com.actitime.qa.testcases.HomePageTest" name="homePageLogoTest" time="9.347"/>
  <testcase classname="com.actitime.qa.testcases.HomePageTest" name="homePageTaskLinkTest" time="18.326"/>
  <testcase classname="com.actitime.qa.testcases.HomePageTest" name="homePageUserLinkTest" time="13.178"/>
</testsuite> <!-- com.actitime.qa.testcases.HomePageTest -->
