<?xml version="1.0" encoding="UTF-8"?>
<!-- Generated by org.testng.reporters.JUnitReportReporter -->
<testsuite hostname="DESKTOP-CLM06SP" failures="0" tests="1" name="com.actitime.qa.testcases.UsersPageTest" time="39.529" errors="0" timestamp="20 Mar 2023 14:54:50 GMT" skipped="0">
  <testcase classname="com.actitime.qa.testcases.UsersPageTest" name="newUserLinkTest" time="39.529"/>
</testsuite> <!-- com.actitime.qa.testcases.UsersPageTest -->
