<?xml version="1.0" encoding="UTF-8"?>
<!-- Generated by org.testng.reporters.JUnitReportReporter -->
<testsuite hostname="DESKTOP-CLM06SP" failures="0" tests="1" name="com.actitime.qa.testcases.NewUserPageTest" time="28.010" errors="0" timestamp="20 Mar 2023 14:55:31 GMT" skipped="0">
  <testcase classname="com.actitime.qa.testcases.NewUserPageTest" name="validateCreateNewUser" time="28.010"/>
</testsuite> <!-- com.actitime.qa.testcases.NewUserPageTest -->
